
a.out:     file format elf64-x86-64


Disassembly of section .init:

0000000000001000 <_init>:
    1000:	f3 0f 1e fa          	endbr64 
    1004:	48 83 ec 08          	sub    $0x8,%rsp
    1008:	48 8b 05 d9 2f 00 00 	mov    0x2fd9(%rip),%rax        # 3fe8 <__gmon_start__>
    100f:	48 85 c0             	test   %rax,%rax
    1012:	74 02                	je     1016 <_init+0x16>
    1014:	ff d0                	callq  *%rax
    1016:	48 83 c4 08          	add    $0x8,%rsp
    101a:	c3                   	retq   

Disassembly of section .plt:

0000000000001020 <.plt>:
    1020:	ff 35 7a 2f 00 00    	pushq  0x2f7a(%rip)        # 3fa0 <_GLOBAL_OFFSET_TABLE_+0x8>
    1026:	f2 ff 25 7b 2f 00 00 	bnd jmpq *0x2f7b(%rip)        # 3fa8 <_GLOBAL_OFFSET_TABLE_+0x10>
    102d:	0f 1f 00             	nopl   (%rax)
    1030:	f3 0f 1e fa          	endbr64 
    1034:	68 00 00 00 00       	pushq  $0x0
    1039:	f2 e9 e1 ff ff ff    	bnd jmpq 1020 <.plt>
    103f:	90                   	nop
    1040:	f3 0f 1e fa          	endbr64 
    1044:	68 01 00 00 00       	pushq  $0x1
    1049:	f2 e9 d1 ff ff ff    	bnd jmpq 1020 <.plt>
    104f:	90                   	nop
    1050:	f3 0f 1e fa          	endbr64 
    1054:	68 02 00 00 00       	pushq  $0x2
    1059:	f2 e9 c1 ff ff ff    	bnd jmpq 1020 <.plt>
    105f:	90                   	nop
    1060:	f3 0f 1e fa          	endbr64 
    1064:	68 03 00 00 00       	pushq  $0x3
    1069:	f2 e9 b1 ff ff ff    	bnd jmpq 1020 <.plt>
    106f:	90                   	nop
    1070:	f3 0f 1e fa          	endbr64 
    1074:	68 04 00 00 00       	pushq  $0x4
    1079:	f2 e9 a1 ff ff ff    	bnd jmpq 1020 <.plt>
    107f:	90                   	nop

Disassembly of section .plt.got:

0000000000001080 <__cxa_finalize@plt>:
    1080:	f3 0f 1e fa          	endbr64 
    1084:	f2 ff 25 6d 2f 00 00 	bnd jmpq *0x2f6d(%rip)        # 3ff8 <__cxa_finalize@GLIBC_2.2.5>
    108b:	0f 1f 44 00 00       	nopl   0x0(%rax,%rax,1)

Disassembly of section .plt.sec:

0000000000001090 <pthread_create@plt>:
    1090:	f3 0f 1e fa          	endbr64 
    1094:	f2 ff 25 15 2f 00 00 	bnd jmpq *0x2f15(%rip)        # 3fb0 <pthread_create@GLIBC_2.2.5>
    109b:	0f 1f 44 00 00       	nopl   0x0(%rax,%rax,1)

00000000000010a0 <setbuf@plt>:
    10a0:	f3 0f 1e fa          	endbr64 
    10a4:	f2 ff 25 0d 2f 00 00 	bnd jmpq *0x2f0d(%rip)        # 3fb8 <setbuf@GLIBC_2.2.5>
    10ab:	0f 1f 44 00 00       	nopl   0x0(%rax,%rax,1)

00000000000010b0 <printf@plt>:
    10b0:	f3 0f 1e fa          	endbr64 
    10b4:	f2 ff 25 05 2f 00 00 	bnd jmpq *0x2f05(%rip)        # 3fc0 <printf@GLIBC_2.2.5>
    10bb:	0f 1f 44 00 00       	nopl   0x0(%rax,%rax,1)

00000000000010c0 <__assert_fail@plt>:
    10c0:	f3 0f 1e fa          	endbr64 
    10c4:	f2 ff 25 fd 2e 00 00 	bnd jmpq *0x2efd(%rip)        # 3fc8 <__assert_fail@GLIBC_2.2.5>
    10cb:	0f 1f 44 00 00       	nopl   0x0(%rax,%rax,1)

00000000000010d0 <pthread_join@plt>:
    10d0:	f3 0f 1e fa          	endbr64 
    10d4:	f2 ff 25 f5 2e 00 00 	bnd jmpq *0x2ef5(%rip)        # 3fd0 <pthread_join@GLIBC_2.2.5>
    10db:	0f 1f 44 00 00       	nopl   0x0(%rax,%rax,1)

Disassembly of section .text:

00000000000010e0 <_start>:
    10e0:	f3 0f 1e fa          	endbr64 
    10e4:	31 ed                	xor    %ebp,%ebp
    10e6:	49 89 d1             	mov    %rdx,%r9
    10e9:	5e                   	pop    %rsi
    10ea:	48 89 e2             	mov    %rsp,%rdx
    10ed:	48 83 e4 f0          	and    $0xfffffffffffffff0,%rsp
    10f1:	50                   	push   %rax
    10f2:	54                   	push   %rsp
    10f3:	4c 8d 05 06 04 00 00 	lea    0x406(%rip),%r8        # 1500 <__libc_csu_fini>
    10fa:	48 8d 0d 8f 03 00 00 	lea    0x38f(%rip),%rcx        # 1490 <__libc_csu_init>
    1101:	48 8d 3d 3e 03 00 00 	lea    0x33e(%rip),%rdi        # 1446 <main>
    1108:	ff 15 d2 2e 00 00    	callq  *0x2ed2(%rip)        # 3fe0 <__libc_start_main@GLIBC_2.2.5>
    110e:	f4                   	hlt    
    110f:	90                   	nop

0000000000001110 <deregister_tm_clones>:
    1110:	48 8d 3d 01 2f 00 00 	lea    0x2f01(%rip),%rdi        # 4018 <__TMC_END__>
    1117:	48 8d 05 fa 2e 00 00 	lea    0x2efa(%rip),%rax        # 4018 <__TMC_END__>
    111e:	48 39 f8             	cmp    %rdi,%rax
    1121:	74 15                	je     1138 <deregister_tm_clones+0x28>
    1123:	48 8b 05 ae 2e 00 00 	mov    0x2eae(%rip),%rax        # 3fd8 <_ITM_deregisterTMCloneTable>
    112a:	48 85 c0             	test   %rax,%rax
    112d:	74 09                	je     1138 <deregister_tm_clones+0x28>
    112f:	ff e0                	jmpq   *%rax
    1131:	0f 1f 80 00 00 00 00 	nopl   0x0(%rax)
    1138:	c3                   	retq   
    1139:	0f 1f 80 00 00 00 00 	nopl   0x0(%rax)

0000000000001140 <register_tm_clones>:
    1140:	48 8d 3d d1 2e 00 00 	lea    0x2ed1(%rip),%rdi        # 4018 <__TMC_END__>
    1147:	48 8d 35 ca 2e 00 00 	lea    0x2eca(%rip),%rsi        # 4018 <__TMC_END__>
    114e:	48 29 fe             	sub    %rdi,%rsi
    1151:	48 89 f0             	mov    %rsi,%rax
    1154:	48 c1 ee 3f          	shr    $0x3f,%rsi
    1158:	48 c1 f8 03          	sar    $0x3,%rax
    115c:	48 01 c6             	add    %rax,%rsi
    115f:	48 d1 fe             	sar    %rsi
    1162:	74 14                	je     1178 <register_tm_clones+0x38>
    1164:	48 8b 05 85 2e 00 00 	mov    0x2e85(%rip),%rax        # 3ff0 <_ITM_registerTMCloneTable>
    116b:	48 85 c0             	test   %rax,%rax
    116e:	74 08                	je     1178 <register_tm_clones+0x38>
    1170:	ff e0                	jmpq   *%rax
    1172:	66 0f 1f 44 00 00    	nopw   0x0(%rax,%rax,1)
    1178:	c3                   	retq   
    1179:	0f 1f 80 00 00 00 00 	nopl   0x0(%rax)

0000000000001180 <__do_global_dtors_aux>:
    1180:	f3 0f 1e fa          	endbr64 
    1184:	80 3d 9d 2e 00 00 00 	cmpb   $0x0,0x2e9d(%rip)        # 4028 <completed.8061>
    118b:	75 2b                	jne    11b8 <__do_global_dtors_aux+0x38>
    118d:	55                   	push   %rbp
    118e:	48 83 3d 62 2e 00 00 	cmpq   $0x0,0x2e62(%rip)        # 3ff8 <__cxa_finalize@GLIBC_2.2.5>
    1195:	00 
    1196:	48 89 e5             	mov    %rsp,%rbp
    1199:	74 0c                	je     11a7 <__do_global_dtors_aux+0x27>
    119b:	48 8b 3d 66 2e 00 00 	mov    0x2e66(%rip),%rdi        # 4008 <__dso_handle>
    11a2:	e8 d9 fe ff ff       	callq  1080 <__cxa_finalize@plt>
    11a7:	e8 64 ff ff ff       	callq  1110 <deregister_tm_clones>
    11ac:	c6 05 75 2e 00 00 01 	movb   $0x1,0x2e75(%rip)        # 4028 <completed.8061>
    11b3:	5d                   	pop    %rbp
    11b4:	c3                   	retq   
    11b5:	0f 1f 00             	nopl   (%rax)
    11b8:	c3                   	retq   
    11b9:	0f 1f 80 00 00 00 00 	nopl   0x0(%rax)

00000000000011c0 <frame_dummy>:
    11c0:	f3 0f 1e fa          	endbr64 
    11c4:	e9 77 ff ff ff       	jmpq   1140 <register_tm_clones>

00000000000011c9 <wrapper>:
    11c9:	f3 0f 1e fa          	endbr64 
    11cd:	55                   	push   %rbp
    11ce:	48 89 e5             	mov    %rsp,%rbp
    11d1:	48 83 ec 20          	sub    $0x20,%rsp
    11d5:	48 89 7d e8          	mov    %rdi,-0x18(%rbp)
    11d9:	48 8b 45 e8          	mov    -0x18(%rbp),%rax
    11dd:	48 89 45 f8          	mov    %rax,-0x8(%rbp)
    11e1:	48 8b 45 f8          	mov    -0x8(%rbp),%rax
    11e5:	48 8b 50 10          	mov    0x10(%rax),%rdx
    11e9:	48 8b 45 f8          	mov    -0x8(%rbp),%rax
    11ed:	8b 00                	mov    (%rax),%eax
    11ef:	89 c7                	mov    %eax,%edi
    11f1:	ff d2                	callq  *%rdx
    11f3:	b8 00 00 00 00       	mov    $0x0,%eax
    11f8:	c9                   	leaveq 
    11f9:	c3                   	retq   

00000000000011fa <create>:
    11fa:	f3 0f 1e fa          	endbr64 
    11fe:	55                   	push   %rbp
    11ff:	48 89 e5             	mov    %rsp,%rbp
    1202:	48 83 ec 30          	sub    $0x30,%rsp
    1206:	48 89 7d d8          	mov    %rdi,-0x28(%rbp)
    120a:	48 8b 05 ff 2d 00 00 	mov    0x2dff(%rip),%rax        # 4010 <tptr>
    1211:	48 8d 15 28 2e 00 00 	lea    0x2e28(%rip),%rdx        # 4040 <tpool>
    1218:	48 29 d0             	sub    %rdx,%rax
    121b:	48 3d e8 05 00 00    	cmp    $0x5e8,%rax
    1221:	7e 1f                	jle    1242 <create+0x48>
    1223:	48 8d 0d 16 0e 00 00 	lea    0xe16(%rip),%rcx        # 2040 <__PRETTY_FUNCTION__.4204>
    122a:	ba 1a 00 00 00       	mov    $0x1a,%edx
    122f:	48 8d 35 ce 0d 00 00 	lea    0xdce(%rip),%rsi        # 2004 <_IO_stdin_used+0x4>
    1236:	48 8d 3d d0 0d 00 00 	lea    0xdd0(%rip),%rdi        # 200d <_IO_stdin_used+0xd>
    123d:	e8 7e fe ff ff       	callq  10c0 <__assert_fail@plt>
    1242:	48 8b 05 c7 2d 00 00 	mov    0x2dc7(%rip),%rax        # 4010 <tptr>
    1249:	48 8b 15 c0 2d 00 00 	mov    0x2dc0(%rip),%rdx        # 4010 <tptr>
    1250:	48 8d 0d e9 2d 00 00 	lea    0x2de9(%rip),%rcx        # 4040 <tpool>
    1257:	48 29 ca             	sub    %rcx,%rdx
    125a:	48 89 d1             	mov    %rdx,%rcx
    125d:	48 c1 f9 03          	sar    $0x3,%rcx
    1261:	48 ba ab aa aa aa aa 	movabs $0xaaaaaaaaaaaaaaab,%rdx
    1268:	aa aa aa 
    126b:	48 0f af d1          	imul   %rcx,%rdx
    126f:	83 c2 01             	add    $0x1,%edx
    1272:	89 d1                	mov    %edx,%ecx
    1274:	48 8b 55 d8          	mov    -0x28(%rbp),%rdx
    1278:	48 c7 00 00 00 00 00 	movq   $0x0,(%rax)
    127f:	48 c7 40 08 00 00 00 	movq   $0x0,0x8(%rax)
    1286:	00 
    1287:	48 c7 40 10 00 00 00 	movq   $0x0,0x10(%rax)
    128e:	00 
    128f:	89 08                	mov    %ecx,(%rax)
    1291:	c7 40 04 01 00 00 00 	movl   $0x1,0x4(%rax)
    1298:	48 89 50 10          	mov    %rdx,0x10(%rax)
    129c:	48 8b 05 6d 2d 00 00 	mov    0x2d6d(%rip),%rax        # 4010 <tptr>
    12a3:	48 8b 15 66 2d 00 00 	mov    0x2d66(%rip),%rdx        # 4010 <tptr>
    12aa:	48 8d 7a 08          	lea    0x8(%rdx),%rdi
    12ae:	48 89 c1             	mov    %rax,%rcx
    12b1:	48 8d 15 11 ff ff ff 	lea    -0xef(%rip),%rdx        # 11c9 <wrapper>
    12b8:	be 00 00 00 00       	mov    $0x0,%esi
    12bd:	e8 ce fd ff ff       	callq  1090 <pthread_create@plt>
    12c2:	48 8b 05 47 2d 00 00 	mov    0x2d47(%rip),%rax        # 4010 <tptr>
    12c9:	48 83 c0 18          	add    $0x18,%rax
    12cd:	48 89 05 3c 2d 00 00 	mov    %rax,0x2d3c(%rip)        # 4010 <tptr>
    12d4:	90                   	nop
    12d5:	c9                   	leaveq 
    12d6:	c3                   	retq   

00000000000012d7 <join>:
    12d7:	f3 0f 1e fa          	endbr64 
    12db:	55                   	push   %rbp
    12dc:	48 89 e5             	mov    %rsp,%rbp
    12df:	48 83 ec 10          	sub    $0x10,%rsp
    12e3:	c7 45 f4 00 00 00 00 	movl   $0x0,-0xc(%rbp)
    12ea:	eb 51                	jmp    133d <join+0x66>
    12ec:	8b 45 f4             	mov    -0xc(%rbp),%eax
    12ef:	48 63 d0             	movslq %eax,%rdx
    12f2:	48 89 d0             	mov    %rdx,%rax
    12f5:	48 01 c0             	add    %rax,%rax
    12f8:	48 01 d0             	add    %rdx,%rax
    12fb:	48 c1 e0 03          	shl    $0x3,%rax
    12ff:	48 8d 15 3a 2d 00 00 	lea    0x2d3a(%rip),%rdx        # 4040 <tpool>
    1306:	48 01 d0             	add    %rdx,%rax
    1309:	48 89 45 f8          	mov    %rax,-0x8(%rbp)
    130d:	48 8b 45 f8          	mov    -0x8(%rbp),%rax
    1311:	8b 40 04             	mov    0x4(%rax),%eax
    1314:	83 f8 01             	cmp    $0x1,%eax
    1317:	75 20                	jne    1339 <join+0x62>
    1319:	48 8b 45 f8          	mov    -0x8(%rbp),%rax
    131d:	48 8b 40 08          	mov    0x8(%rax),%rax
    1321:	be 00 00 00 00       	mov    $0x0,%esi
    1326:	48 89 c7             	mov    %rax,%rdi
    1329:	e8 a2 fd ff ff       	callq  10d0 <pthread_join@plt>
    132e:	48 8b 45 f8          	mov    -0x8(%rbp),%rax
    1332:	c7 40 04 02 00 00 00 	movl   $0x2,0x4(%rax)
    1339:	83 45 f4 01          	addl   $0x1,-0xc(%rbp)
    133d:	83 7d f4 3f          	cmpl   $0x3f,-0xc(%rbp)
    1341:	7e a9                	jle    12ec <join+0x15>
    1343:	90                   	nop
    1344:	90                   	nop
    1345:	c9                   	leaveq 
    1346:	c3                   	retq   

0000000000001347 <cleanup>:
    1347:	f3 0f 1e fa          	endbr64 
    134b:	55                   	push   %rbp
    134c:	48 89 e5             	mov    %rsp,%rbp
    134f:	b8 00 00 00 00       	mov    $0x0,%eax
    1354:	e8 7e ff ff ff       	callq  12d7 <join>
    1359:	90                   	nop
    135a:	5d                   	pop    %rbp
    135b:	c3                   	retq   

000000000000135c <set_cur>:
    135c:	f3 0f 1e fa          	endbr64 
    1360:	55                   	push   %rbp
    1361:	48 89 e5             	mov    %rsp,%rbp
    1364:	48 89 7d f8          	mov    %rdi,-0x8(%rbp)
    1368:	48 8b 45 f8          	mov    -0x8(%rbp),%rax
    136c:	64 48 89 04 25 f0 ff 	mov    %rax,%fs:0xfffffffffffffff0
    1373:	ff ff 
    1375:	90                   	nop
    1376:	5d                   	pop    %rbp
    1377:	c3                   	retq   

0000000000001378 <get_cur>:
    1378:	f3 0f 1e fa          	endbr64 
    137c:	55                   	push   %rbp
    137d:	48 89 e5             	mov    %rsp,%rbp
    1380:	64 48 8b 04 25 f0 ff 	mov    %fs:0xfffffffffffffff0,%rax
    1387:	ff ff 
    1389:	5d                   	pop    %rbp
    138a:	c3                   	retq   

000000000000138b <stackoverflow>:
    138b:	f3 0f 1e fa          	endbr64 
    138f:	55                   	push   %rbp
    1390:	48 89 e5             	mov    %rsp,%rbp
    1393:	53                   	push   %rbx
    1394:	48 83 ec 28          	sub    $0x28,%rsp
    1398:	89 7d dc             	mov    %edi,-0x24(%rbp)
    139b:	48 8d 45 dc          	lea    -0x24(%rbp),%rax
    139f:	48 89 c7             	mov    %rax,%rdi
    13a2:	e8 b5 ff ff ff       	callq  135c <set_cur>
    13a7:	8b 45 dc             	mov    -0x24(%rbp),%eax
    13aa:	25 ff 03 00 00       	and    $0x3ff,%eax
    13af:	85 c0                	test   %eax,%eax
    13b1:	75 4a                	jne    13fd <stackoverflow+0x72>
    13b3:	64 48 8b 1c 25 e8 ff 	mov    %fs:0xffffffffffffffe8,%rbx
    13ba:	ff ff 
    13bc:	b8 00 00 00 00       	mov    $0x0,%eax
    13c1:	e8 b2 ff ff ff       	callq  1378 <get_cur>
    13c6:	48 29 c3             	sub    %rax,%rbx
    13c9:	48 89 d8             	mov    %rbx,%rax
    13cc:	89 45 ec             	mov    %eax,-0x14(%rbp)
    13cf:	8b 45 ec             	mov    -0x14(%rbp),%eax
    13d2:	8d 90 ff 03 00 00    	lea    0x3ff(%rax),%edx
    13d8:	85 c0                	test   %eax,%eax
    13da:	0f 48 c2             	cmovs  %edx,%eax
    13dd:	c1 f8 0a             	sar    $0xa,%eax
    13e0:	89 c2                	mov    %eax,%edx
    13e2:	64 8b 04 25 f8 ff ff 	mov    %fs:0xfffffffffffffff8,%eax
    13e9:	ff 
    13ea:	89 c6                	mov    %eax,%esi
    13ec:	48 8d 3d 31 0c 00 00 	lea    0xc31(%rip),%rdi        # 2024 <_IO_stdin_used+0x24>
    13f3:	b8 00 00 00 00       	mov    $0x0,%eax
    13f8:	e8 b3 fc ff ff       	callq  10b0 <printf@plt>
    13fd:	8b 45 dc             	mov    -0x24(%rbp),%eax
    1400:	83 c0 01             	add    $0x1,%eax
    1403:	89 c7                	mov    %eax,%edi
    1405:	e8 81 ff ff ff       	callq  138b <stackoverflow>
    140a:	90                   	nop
    140b:	48 83 c4 28          	add    $0x28,%rsp
    140f:	5b                   	pop    %rbx
    1410:	5d                   	pop    %rbp
    1411:	c3                   	retq   

0000000000001412 <Tprobe>:
    1412:	f3 0f 1e fa          	endbr64 
    1416:	55                   	push   %rbp
    1417:	48 89 e5             	mov    %rsp,%rbp
    141a:	48 83 ec 10          	sub    $0x10,%rsp
    141e:	89 7d fc             	mov    %edi,-0x4(%rbp)
    1421:	8b 45 fc             	mov    -0x4(%rbp),%eax
    1424:	64 89 04 25 f8 ff ff 	mov    %eax,%fs:0xfffffffffffffff8
    142b:	ff 
    142c:	48 8d 45 fc          	lea    -0x4(%rbp),%rax
    1430:	64 48 89 04 25 e8 ff 	mov    %rax,%fs:0xffffffffffffffe8
    1437:	ff ff 
    1439:	bf 00 00 00 00       	mov    $0x0,%edi
    143e:	e8 48 ff ff ff       	callq  138b <stackoverflow>
    1443:	90                   	nop
    1444:	c9                   	leaveq 
    1445:	c3                   	retq   

0000000000001446 <main>:
    1446:	f3 0f 1e fa          	endbr64 
    144a:	55                   	push   %rbp
    144b:	48 89 e5             	mov    %rsp,%rbp
    144e:	48 83 ec 10          	sub    $0x10,%rsp
    1452:	48 8b 05 c7 2b 00 00 	mov    0x2bc7(%rip),%rax        # 4020 <stdout@@GLIBC_2.2.5>
    1459:	be 00 00 00 00       	mov    $0x0,%esi
    145e:	48 89 c7             	mov    %rax,%rdi
    1461:	e8 3a fc ff ff       	callq  10a0 <setbuf@plt>
    1466:	c7 45 fc 00 00 00 00 	movl   $0x0,-0x4(%rbp)
    146d:	eb 10                	jmp    147f <main+0x39>
    146f:	48 8d 3d 9c ff ff ff 	lea    -0x64(%rip),%rdi        # 1412 <Tprobe>
    1476:	e8 7f fd ff ff       	callq  11fa <create>
    147b:	83 45 fc 01          	addl   $0x1,-0x4(%rbp)
    147f:	83 7d fc 03          	cmpl   $0x3,-0x4(%rbp)
    1483:	7e ea                	jle    146f <main+0x29>
    1485:	b8 00 00 00 00       	mov    $0x0,%eax
    148a:	c9                   	leaveq 
    148b:	c3                   	retq   
    148c:	0f 1f 40 00          	nopl   0x0(%rax)

0000000000001490 <__libc_csu_init>:
    1490:	f3 0f 1e fa          	endbr64 
    1494:	41 57                	push   %r15
    1496:	4c 8d 3d e3 28 00 00 	lea    0x28e3(%rip),%r15        # 3d80 <__frame_dummy_init_array_entry>
    149d:	41 56                	push   %r14
    149f:	49 89 d6             	mov    %rdx,%r14
    14a2:	41 55                	push   %r13
    14a4:	49 89 f5             	mov    %rsi,%r13
    14a7:	41 54                	push   %r12
    14a9:	41 89 fc             	mov    %edi,%r12d
    14ac:	55                   	push   %rbp
    14ad:	48 8d 2d d4 28 00 00 	lea    0x28d4(%rip),%rbp        # 3d88 <__do_global_dtors_aux_fini_array_entry>
    14b4:	53                   	push   %rbx
    14b5:	4c 29 fd             	sub    %r15,%rbp
    14b8:	48 83 ec 08          	sub    $0x8,%rsp
    14bc:	e8 3f fb ff ff       	callq  1000 <_init>
    14c1:	48 c1 fd 03          	sar    $0x3,%rbp
    14c5:	74 1f                	je     14e6 <__libc_csu_init+0x56>
    14c7:	31 db                	xor    %ebx,%ebx
    14c9:	0f 1f 80 00 00 00 00 	nopl   0x0(%rax)
    14d0:	4c 89 f2             	mov    %r14,%rdx
    14d3:	4c 89 ee             	mov    %r13,%rsi
    14d6:	44 89 e7             	mov    %r12d,%edi
    14d9:	41 ff 14 df          	callq  *(%r15,%rbx,8)
    14dd:	48 83 c3 01          	add    $0x1,%rbx
    14e1:	48 39 dd             	cmp    %rbx,%rbp
    14e4:	75 ea                	jne    14d0 <__libc_csu_init+0x40>
    14e6:	48 83 c4 08          	add    $0x8,%rsp
    14ea:	5b                   	pop    %rbx
    14eb:	5d                   	pop    %rbp
    14ec:	41 5c                	pop    %r12
    14ee:	41 5d                	pop    %r13
    14f0:	41 5e                	pop    %r14
    14f2:	41 5f                	pop    %r15
    14f4:	c3                   	retq   
    14f5:	66 66 2e 0f 1f 84 00 	data16 nopw %cs:0x0(%rax,%rax,1)
    14fc:	00 00 00 00 

0000000000001500 <__libc_csu_fini>:
    1500:	f3 0f 1e fa          	endbr64 
    1504:	c3                   	retq   

Disassembly of section .fini:

0000000000001508 <_fini>:
    1508:	f3 0f 1e fa          	endbr64 
    150c:	48 83 ec 08          	sub    $0x8,%rsp
    1510:	48 83 c4 08          	add    $0x8,%rsp
    1514:	c3                   	retq   
